Vercel CLI 54.14.0 (Node.js 22.22.3)

  Set up "~/proyectos/atelier/docs/seo_external_campaign/pbn/sites/blog-autos"
Loading teams…
Searching for existing projects…
  No framework detected. Default Project Settings:
  Build Command: `npm run vercel-build` or `npm run build`
  Development Command: None
  Install Command: `yarn install`, `pnpm install`, `npm install`, or `bun install`
  Output Directory: `public` if it exists, or `.`
  Linked      atelier-s-projects2/blog-autos
Deploying atelier-s-projects2/blog-autos
Uploading [--------------------] (0.0B/526B)
Uploading [====================] (526.0B/526B)
  Inspect     https://vercel.com/atelier-s-projects2/blog-autos/HayaTxoBahcR9X47wJKKpFhVoUEw
▲ Production  https://blog-autos-drx88sgur-atelier-s-projects2.vercel.app
Building…
Running build in Washington, D.C., USA (East) – iad1
Build machine configuration: 2 cores, 8 GB
Build machine configuration: 2 cores, 8 GB
[2K[1A[2K[G▲ Production  https://blog-autos-drx88sgur-atelier-s-projects2.vercel.app
Completing…
▲ Aliased     https://blog-autos.vercel.app
{
  "status": "ok",
  "deployment": {
    "id": "dpl_HayaTxoBahcR9X47wJKKpFhVoUEw",
    "url": "https://blog-autos-drx88sgur-atelier-s-projects2.vercel.app",
    "inspectorUrl": "https://vercel.com/atelier-s-projects2/blog-autos/HayaTxoBahcR9X47wJKKpFhVoUEw",
    "readyState": "READY",
    "target": "production",
    "deploymentApiUrl": "https://api.vercel.com/v13/deployments/dpl_HayaTxoBahcR9X47wJKKpFhVoUEw"
  },
  "message": "Deployment blog-autos-drx88sgur-atelier-s-projects2.vercel.app ready.",
  "next": [
    {
      "command": "vercel inspect blog-autos-drx88sgur-atelier-s-projects2.vercel.app",
      "when": "Inspect deployment"
    },
    {
      "command": "vercel deploy --prod",
      "when": "Promote to production"
    }
  ]
}
