Vercel CLI 54.14.0 (Node.js 22.22.3)

  Set up "~/proyectos/atelier/docs/seo_external_campaign/pbn/sites/revista-estudiantil"
Loading teams…
Searching for existing projects…
  No framework detected. Default Project Settings:
  Build Command: `npm run vercel-build` or `npm run build`
  Development Command: None
  Install Command: `yarn install`, `pnpm install`, `npm install`, or `bun install`
  Output Directory: `public` if it exists, or `.`
  Linked      atelier-s-projects2/revista-estudiantil
Deploying atelier-s-projects2/revista-estudiantil
Uploading [--------------------] (0.0B/15.1KB)
Uploading [===================-] (14.6KB/15.1KB)
Uploading [====================] (15.1KB/15.1KB)
  Inspect     https://vercel.com/atelier-s-projects2/revista-estudiantil/B15DC6isQsDZHNFGzGQvb9NFqBDC
▲ Production  https://revista-estudiantil-f5y6c7vtc-atelier-s-projects2.vercel.app
Building…
Building…
Running build in Washington, D.C., USA (East) – iad1
Build machine configuration: 2 cores, 8 GB
Retrieving list of deployment files...
Previous build caches not available.
Downloading 2 deployment files...
[2K[1A[2K[G▲ Production  https://revista-estudiantil-f5y6c7vtc-atelier-s-projects2.vercel.app
Completing…
▲ Aliased     https://revista-estudiantil.vercel.app
{
  "status": "ok",
  "deployment": {
    "id": "dpl_B15DC6isQsDZHNFGzGQvb9NFqBDC",
    "url": "https://revista-estudiantil-f5y6c7vtc-atelier-s-projects2.vercel.app",
    "inspectorUrl": "https://vercel.com/atelier-s-projects2/revista-estudiantil/B15DC6isQsDZHNFGzGQvb9NFqBDC",
    "readyState": "READY",
    "target": "production",
    "deploymentApiUrl": "https://api.vercel.com/v13/deployments/dpl_B15DC6isQsDZHNFGzGQvb9NFqBDC"
  },
  "message": "Deployment revista-estudiantil-f5y6c7vtc-atelier-s-projects2.vercel.app ready.",
  "next": [
    {
      "command": "vercel inspect revista-estudiantil-f5y6c7vtc-atelier-s-projects2.vercel.app",
      "when": "Inspect deployment"
    },
    {
      "command": "vercel deploy --prod",
      "when": "Promote to production"
    }
  ]
}
