
> optical-crm@0.1.0 dev
> next dev

   ▲ Next.js 15.1.11
   - Local:        http://localhost:3000
   - Network:      http://192.168.2.50:3000
   - Environments: .env

 ✓ Starting...
 ✓ Ready in 1315ms
 ✓ Compiled /src/middleware in 280ms (196 modules)
 ○ Compiling /tienda ...
 ✓ Compiled / in 5.9s (1538 modules)
 GET /tienda 200 in 6100ms
 GET / 200 in 3768ms
 GET /tienda 200 in 198ms
 ✓ Compiled /api/store/products in 69ms (820 modules)
 ✓ Compiled in 66ms (720 modules)
 GET /icon.png?9b42d814278c7dd6 200 in 206ms
 GET /api/store/products 200 in 272ms
 ✓ Compiled /blog in 135ms (1565 modules)
 GET /blog 200 in 231ms
 GET / 200 in 11ms
 GET /api/store/products 200 in 21ms
 GET /api/store/products 200 in 7ms
 GET /blog 200 in 21ms
 ✓ Compiled /producto/[slug] in 191ms (1627 modules)
 GET /producto/cmnkk2mr7005m10ytthlmbqqt 200 in 527ms
 ✓ Compiled /api/storage/view in 113ms (1632 modules)
 GET /api/storage/view?key=local%3A%2F%2Fproducts%2Fcmnkk2mr7005m10ytthlmbqqt%2Fcatalog_0_1778941956680.png 200 in 166ms
 ✓ Compiled in 121ms (757 modules)
 GET /producto/cmnkk2mr7005m10ytthlmbqqt 200 in 24ms
 ✓ Compiled in 146ms (757 modules)
 GET /producto/cmnkk2mr7005m10ytthlmbqqt 200 in 16ms
 ✓ Compiled /api/web/pricing in 147ms (1635 modules)
 GET /api/web/pricing 200 in 170ms
 GET /api/web/pricing 200 in 7ms
 ✓ Compiled in 117ms (757 modules)
 GET /producto/cmnkk2mr7005m10ytthlmbqqt 200 in 36ms
 GET /api/web/pricing 200 in 13ms
 GET /api/web/pricing 200 in 12ms
 GET /producto/cmnkk2mr7005m10ytthlmbqqt 200 in 76ms
 GET /icon.png?9b42d814278c7dd6 200 in 14ms
 GET /tienda 200 in 14ms
 GET /api/store/products 200 in 12ms
 GET /api/store/products 200 in 6ms
 ✓ Compiled in 129ms (757 modules)
 GET /tienda 200 in 8ms
 GET / 200 in 13ms
 GET /api/store/products 200 in 10ms
 GET /api/store/products 200 in 7ms
 GET /producto/atelier-carey-vintage 200 in 12ms
 ✓ Compiled in 106ms (757 modules)
 GET /producto/atelier-carey-vintage 200 in 8ms
 ✓ Compiled in 94ms (757 modules)
 GET /producto/atelier-carey-vintage 200 in 12ms
 ✓ Compiled in 249ms (1623 modules)
 GET /producto/atelier-carey-vintage 200 in 52ms
 ✓ Compiled in 222ms (1604 modules)
 GET /producto/atelier-carey-vintage 200 in 49ms
 ✓ Compiled in 118ms (757 modules)
 GET /producto/atelier-carey-vintage 200 in 8ms
 ✓ Compiled in 101ms (757 modules)
 GET /producto/atelier-carey-vintage 200 in 18ms
 ✓ Compiled in 171ms (1604 modules)
 GET /producto/atelier-carey-vintage 200 in 44ms
 ✓ Compiled in 104ms (757 modules)
 GET /producto/atelier-carey-vintage 200 in 10ms
 ✓ Compiled in 116ms (757 modules)
 GET /producto/atelier-carey-vintage 200 in 15ms
 ✓ Compiled in 110ms (757 modules)
 GET /producto/atelier-carey-vintage 200 in 7ms
 ✓ Compiled /checkout in 160ms (1605 modules)
 GET /checkout 200 in 191ms
 ✓ Compiled in 107ms (763 modules)
 GET /checkout 200 in 6ms
 GET /tienda 200 in 11ms
 ✓ Compiled /api/store/products in 53ms (873 modules)
 GET /api/store/products 200 in 95ms
 GET /api/store/products 200 in 7ms
 GET /producto/cmnkk2mr7005m10ytthlmbqqt 200 in 34ms
 ✓ Compiled /api/web/pricing in 75ms (876 modules)
 GET /api/web/pricing 200 in 111ms
 GET /api/web/pricing 200 in 14ms
 GET /api/web/pricing 200 in 18ms
 GET /api/web/pricing 200 in 9ms
 ✓ Compiled /blog/colores-cristales in 203ms (1631 modules)
 GET /blog/colores-cristales 200 in 256ms
 ✓ Compiled in 141ms (764 modules)
 GET /blog/colores-cristales 200 in 8ms
 ✓ Compiled in 121ms (764 modules)
 GET /blog/colores-cristales 200 in 8ms
 ✓ Compiled in 93ms (764 modules)
 GET /blog/colores-cristales 200 in 9ms
 ✓ Compiled in 107ms (764 modules)
 GET /blog/colores-cristales 200 in 7ms
 ✓ Compiled in 111ms (764 modules)
 GET /blog/colores-cristales 200 in 12ms
 ✓ Compiled in 90ms (764 modules)
 GET /blog/colores-cristales 200 in 6ms
 ✓ Compiled in 127ms (764 modules)
 GET /blog/colores-cristales 200 in 19ms
 ✓ Compiled in 105ms (764 modules)
 GET /blog/colores-cristales 200 in 8ms
 ✓ Compiled in 89ms (764 modules)
 GET /blog/colores-cristales 200 in 6ms
 ✓ Compiled in 188ms (1625 modules)
 GET /blog/colores-cristales 200 in 64ms
 ✓ Compiled in 125ms (764 modules)
 GET /blog/colores-cristales 200 in 7ms
 ✓ Compiled in 253ms (1637 modules)
 GET /blog/colores-cristales 200 in 26ms
 ✓ Compiled in 90ms (770 modules)
 GET /blog/colores-cristales 200 in 6ms
 ✓ Compiled in 94ms (770 modules)
 GET /blog/colores-cristales 200 in 6ms
 ✓ Compiled in 118ms (770 modules)
 GET /blog/colores-cristales 200 in 10ms
 ✓ Compiled in 94ms (770 modules)
 GET /blog/colores-cristales 200 in 7ms
 GET /blog/colores-cristales 200 in 24ms
 ✓ Compiled /icon.png in 62ms (882 modules)
 GET /icon.png?9b42d814278c7dd6 200 in 100ms
 GET /blog/colores-cristales 200 in 41ms
 GET /icon.png?9b42d814278c7dd6 200 in 7ms
 GET / 200 in 75ms
 ✓ Compiled /api/store/products in 75ms (886 modules)
 GET /api/store/products 200 in 110ms
 ✓ Compiled in 129ms (770 modules)
 GET / 200 in 23ms
 ✓ Compiled in 111ms (770 modules)
 GET / 200 in 8ms
 ✓ Compiled in 251ms (1656 modules)
 GET / 200 in 17ms
 ✓ Compiled in 116ms (770 modules)
 GET / 200 in 7ms
 GET / 200 in 53ms
 GET /icon.png?9b42d814278c7dd6 200 in 20ms
 GET /api/store/products 200 in 16ms
 GET /producto/atelier-carey-vintage 200 in 19ms
 ✓ Compiled in 147ms (770 modules)
 GET /producto/atelier-carey-vintage 200 in 11ms
 ✓ Compiled in 142ms (770 modules)
 GET /producto/atelier-carey-vintage 200 in 9ms
 ✓ Compiled in 122ms (770 modules)
 GET /producto/atelier-carey-vintage 200 in 11ms
 ✓ Compiled in 250ms (1637 modules)
 GET /producto/atelier-carey-vintage 200 in 59ms
 ✓ Compiled in 114ms (770 modules)
 GET /producto/atelier-carey-vintage 200 in 9ms
 ✓ Compiled in 128ms (770 modules)
 GET /producto/atelier-carey-vintage 200 in 8ms
 ✓ Compiled in 103ms (770 modules)
 GET /producto/atelier-carey-vintage 200 in 7ms
 ✓ Compiled in 116ms (770 modules)
 GET /producto/atelier-carey-vintage 200 in 15ms
 ✓ Compiled /api/store/products in 96ms (884 modules)
 GET /api/store/products 200 in 162ms
 GET /api/store/products 200 in 9ms
 ✓ Compiled in 119ms (770 modules)
 GET / 200 in 25ms
 GET / 200 in 55ms
 ✓ Compiled /icon.png in 68ms (886 modules)
 GET /icon.png?9b42d814278c7dd6 200 in 147ms
 GET /api/store/products 200 in 139ms
 GET / 200 in 56ms
 GET /icon.png?9b42d814278c7dd6 200 in 8ms
 GET /api/store/products 200 in 11ms
 GET /producto/atelier-carey-vintage 200 in 27ms
 GET /tienda 200 in 22ms
 GET /api/store/products 200 in 10ms
 GET /api/store/products 200 in 7ms
 ✓ Compiled in 103ms (770 modules)
 GET /tienda 200 in 6ms
 GET /producto/cmnkk2mr7005m10ytthlmbqqt 200 in 29ms
 ✓ Compiled /api/web/pricing in 80ms (889 modules)
 GET /api/web/pricing 200 in 104ms
 GET /api/web/pricing 200 in 11ms
 ✓ Compiled in 162ms (770 modules)
 GET /producto/cmnkk2mr7005m10ytthlmbqqt 200 in 27ms
 ✓ Compiled in 212ms (1657 modules)
 GET /producto/cmnkk2mr7005m10ytthlmbqqt 200 in 22ms
 ✓ Compiled in 102ms (770 modules)
 GET /producto/cmnkk2mr7005m10ytthlmbqqt 200 in 10ms
 GET /tienda 200 in 14ms
 GET /api/store/products 200 in 30ms
 GET /api/store/products 200 in 6ms
 GET /tienda 200 in 9ms
 GET /tienda 200 in 14ms
 GET /tienda 200 in 46ms
 ✓ Compiled /icon.png in 72ms (889 modules)
 GET /icon.png?9b42d814278c7dd6 200 in 151ms
 GET /api/store/products 200 in 144ms
 ✓ Compiled in 109ms (770 modules)
 GET /tienda 200 in 21ms
 GET /icon.png?9b42d814278c7dd6 200 in 7ms
 GET /icon.png?9b42d814278c7dd6 200 in 5ms
 GET / 200 in 12ms
 GET /api/store/products 200 in 10ms
 GET /api/store/products 200 in 9ms
 ✓ Compiled in 143ms (770 modules)
 GET / 200 in 17ms
 ✓ Compiled in 107ms (770 modules)
 GET / 200 in 10ms
 ✓ Compiled in 121ms (770 modules)
 GET / 200 in 8ms
 ✓ Compiled in 273ms (1656 modules)
 GET / 200 in 19ms
 ✓ Compiled in 122ms (770 modules)
 GET / 200 in 8ms
 ✓ Compiled in 106ms (770 modules)
 GET / 200 in 15ms
 GET / 200 in 66ms
 GET /icon.png?9b42d814278c7dd6 200 in 17ms
 GET /api/store/products 200 in 13ms
 ✓ Compiled in 105ms (770 modules)
 GET / 200 in 6ms
 GET /icon.png?9b42d814278c7dd6 200 in 7ms
 GET /icon.png?9b42d814278c7dd6 200 in 6ms
 GET / 200 in 20ms
 GET /icon.png?9b42d814278c7dd6 200 in 11ms
 GET /api/store/products 200 in 13ms
 ✓ Compiled in 107ms (770 modules)
 GET / 200 in 10ms
 GET /icon.png?9b42d814278c7dd6 200 in 9ms
 GET /icon.png?9b42d814278c7dd6 200 in 6ms
 ✓ Compiled in 129ms (770 modules)
 GET / 200 in 8ms
 GET /icon.png?9b42d814278c7dd6 200 in 8ms
 GET /icon.png?9b42d814278c7dd6 200 in 6ms
 GET /producto/atelier-carey-vintage 200 in 20ms
 GET / 200 in 18ms
 ✓ Compiled in 136ms (770 modules)
 GET /producto/atelier-carey-vintage 200 in 15ms
 ✓ Compiled in 136ms (770 modules)
 GET /producto/atelier-carey-vintage 200 in 9ms
 ✓ Compiled in 133ms (770 modules)
 GET /producto/atelier-carey-vintage 200 in 15ms
 ✓ Compiled in 91ms (770 modules)
 GET /producto/atelier-carey-vintage 200 in 9ms
 ✓ Compiled in 131ms (770 modules)
 GET /producto/atelier-carey-vintage 200 in 15ms
 ✓ Compiled in 121ms (770 modules)
 GET /producto/atelier-carey-vintage 200 in 7ms
 ✓ Compiled in 123ms (770 modules)
 GET /producto/atelier-carey-vintage 200 in 15ms
 ✓ Compiled in 121ms (770 modules)
 GET /producto/atelier-carey-vintage 200 in 8ms
 ✓ Compiled in 121ms (770 modules)
 GET /producto/atelier-carey-vintage 200 in 11ms
 ✓ Compiled in 116ms (770 modules)
 GET /producto/atelier-carey-vintage 200 in 8ms
 ✓ Compiled in 123ms (770 modules)
 GET /producto/atelier-carey-vintage 200 in 11ms
 ✓ Compiled in 106ms (770 modules)
 GET /producto/atelier-carey-vintage 200 in 6ms
 ✓ Compiled in 117ms (770 modules)
 GET /producto/atelier-carey-vintage 200 in 16ms
 ✓ Compiled in 168ms (1819 modules)
 GET /producto/atelier-carey-vintage 200 in 211ms
 GET /producto/atelier-carey-vintage 200 in 7ms
 ✓ Compiled in 113ms (770 modules)
 GET /producto/atelier-carey-vintage 200 in 7ms
 ✓ Compiled in 139ms (770 modules)
 GET /producto/atelier-carey-vintage 200 in 12ms
 ✓ Compiled in 113ms (770 modules)
 GET /producto/atelier-carey-vintage 200 in 7ms
 ✓ Compiled in 236ms (1637 modules)
 GET /producto/atelier-carey-vintage 200 in 37ms
 ✓ Compiled in 122ms (770 modules)
 GET /producto/atelier-carey-vintage 200 in 8ms
 ✓ Compiled in 105ms (770 modules)
 GET /producto/atelier-carey-vintage 200 in 13ms
 ✓ Compiled in 119ms (770 modules)
 GET /producto/atelier-carey-vintage 200 in 7ms
 ✓ Compiled in 169ms (770 modules)
 GET /producto/atelier-carey-vintage 200 in 10ms
 ✓ Compiled /_not-found in 259ms (1627 modules)
 ⨯ Failed to generate static paths for /producto/[slug]:
Error: Cannot find module './5994.js'
Require stack:
- /Users/ishtarpissano/proyectos/atelier/.next/server/webpack-runtime.js
- /Users/ishtarpissano/proyectos/atelier/.next/server/app/producto/[slug]/page.js
- /Users/ishtarpissano/proyectos/atelier/node_modules/next/dist/server/require.js
- /Users/ishtarpissano/proyectos/atelier/node_modules/next/dist/server/load-components.js
- /Users/ishtarpissano/proyectos/atelier/node_modules/next/dist/build/utils.js
- /Users/ishtarpissano/proyectos/atelier/node_modules/next/dist/server/dev/static-paths-worker.js
- /Users/ishtarpissano/proyectos/atelier/node_modules/next/dist/compiled/jest-worker/processChild.js
    at __webpack_require__.f.require (.next/server/webpack-runtime.js:198:28) {
  type: 'Error',
  code: 'MODULE_NOT_FOUND',
  requireStack: [Array]
}
 GET /_next/static/css/app/layout.css?v=1779143357427 404 in 296ms
 ✓ Compiled in 117ms (773 modules)
 ⨯ Error: Cannot find module './5994.js'
Require stack:
- /Users/ishtarpissano/proyectos/atelier/.next/server/webpack-runtime.js
- /Users/ishtarpissano/proyectos/atelier/.next/server/app/_not-found/page.js
- /Users/ishtarpissano/proyectos/atelier/node_modules/next/dist/server/require.js
- /Users/ishtarpissano/proyectos/atelier/node_modules/next/dist/server/load-components.js
- /Users/ishtarpissano/proyectos/atelier/node_modules/next/dist/build/utils.js
- /Users/ishtarpissano/proyectos/atelier/node_modules/next/dist/build/swc/options.js
- /Users/ishtarpissano/proyectos/atelier/node_modules/next/dist/build/swc/index.js
- /Users/ishtarpissano/proyectos/atelier/node_modules/next/dist/build/next-config-ts/transpile-config.js
- /Users/ishtarpissano/proyectos/atelier/node_modules/next/dist/server/config.js
- /Users/ishtarpissano/proyectos/atelier/node_modules/next/dist/server/next.js
- /Users/ishtarpissano/proyectos/atelier/node_modules/next/dist/server/lib/start-server.js
    at __webpack_require__.f.require (.next/server/webpack-runtime.js:198:28)
    at <unknown> (.next/server/webpack-runtime.js:111:40)
    at Array.reduce (<anonymous>)
    at __webpack_require__.e (.next/server/webpack-runtime.js:110:67)
    at Array.map (<anonymous>)
    at __webpack_require__.X (.next/server/webpack-runtime.js:162:22)
    at <unknown> (.next/server/app/producto/[slug]/page.js:1:25183)
    at Object.<anonymous> (.next/server/app/producto/[slug]/page.js:1:25264) {
  code: 'MODULE_NOT_FOUND',
  requireStack: [Array],
  page: '/producto/atelier-carey-vintage'
}
 ○ Compiling /_error ...
 ✓ Compiled /_error in 551ms (1869 modules)
 GET /producto/atelier-carey-vintage 500 in 838ms
 ⨯ Error: Cannot find module './vendor-chunks/@opentelemetry.js'
Require stack:
- /Users/ishtarpissano/proyectos/atelier/.next/server/webpack-runtime.js
- /Users/ishtarpissano/proyectos/atelier/.next/server/app/producto/[slug]/page.js
- /Users/ishtarpissano/proyectos/atelier/node_modules/next/dist/server/require.js
- /Users/ishtarpissano/proyectos/atelier/node_modules/next/dist/server/load-components.js
- /Users/ishtarpissano/proyectos/atelier/node_modules/next/dist/build/utils.js
- /Users/ishtarpissano/proyectos/atelier/node_modules/next/dist/server/dev/static-paths-worker.js
- /Users/ishtarpissano/proyectos/atelier/node_modules/next/dist/compiled/jest-worker/processChild.js
    at __webpack_require__.f.require (.next/server/webpack-runtime.js:198:28) {
  type: 'Error',
  code: 'MODULE_NOT_FOUND',
  requireStack: [Array],
  page: '/producto/atelier-carey-vintage'
}
 GET /producto/atelier-carey-vintage 500 in 357ms
 ⨯ Error: Cannot find module './vendor-chunks/@opentelemetry.js'
Require stack:
- /Users/ishtarpissano/proyectos/atelier/.next/server/webpack-runtime.js
- /Users/ishtarpissano/proyectos/atelier/.next/server/app/producto/[slug]/page.js
- /Users/ishtarpissano/proyectos/atelier/node_modules/next/dist/server/require.js
- /Users/ishtarpissano/proyectos/atelier/node_modules/next/dist/server/load-components.js
- /Users/ishtarpissano/proyectos/atelier/node_modules/next/dist/build/utils.js
- /Users/ishtarpissano/proyectos/atelier/node_modules/next/dist/server/dev/static-paths-worker.js
- /Users/ishtarpissano/proyectos/atelier/node_modules/next/dist/compiled/jest-worker/processChild.js
    at __webpack_require__.f.require (.next/server/webpack-runtime.js:198:28) {
  type: 'Error',
  code: 'MODULE_NOT_FOUND',
  requireStack: [Array],
  page: '/producto/atelier-carey-vintage'
}
 GET /producto/atelier-carey-vintage 500 in 334ms
 ⨯ Error: Cannot find module './vendor-chunks/@opentelemetry.js'
Require stack:
- /Users/ishtarpissano/proyectos/atelier/.next/server/webpack-runtime.js
- /Users/ishtarpissano/proyectos/atelier/.next/server/app/producto/[slug]/page.js
- /Users/ishtarpissano/proyectos/atelier/node_modules/next/dist/server/require.js
- /Users/ishtarpissano/proyectos/atelier/node_modules/next/dist/server/load-components.js
- /Users/ishtarpissano/proyectos/atelier/node_modules/next/dist/build/utils.js
- /Users/ishtarpissano/proyectos/atelier/node_modules/next/dist/server/dev/static-paths-worker.js
- /Users/ishtarpissano/proyectos/atelier/node_modules/next/dist/compiled/jest-worker/processChild.js
    at __webpack_require__.f.require (.next/server/webpack-runtime.js:198:28) {
  type: 'Error',
  code: 'MODULE_NOT_FOUND',
  requireStack: [Array],
  page: '/producto/atelier-carey-vintage'
}
 GET /producto/atelier-carey-vintage 500 in 340ms
 ✓ Compiled in 136ms (969 modules)
 ✓ Compiled in 133ms (969 modules)
 ✓ Compiled in 153ms (969 modules)
 ✓ Compiled in 126ms (965 modules)
 ✓ Compiled in 184ms (965 modules)
 ✓ Compiled in 107ms (965 modules)
 ✓ Compiled in 132ms (965 modules)
 ✓ Compiled in 135ms (965 modules)
 ✓ Compiled in 122ms (965 modules)
 ⨯ Error: Cannot find module './vendor-chunks/@opentelemetry.js'
Require stack:
- /Users/ishtarpissano/proyectos/atelier/.next/server/webpack-runtime.js
- /Users/ishtarpissano/proyectos/atelier/.next/server/app/producto/[slug]/page.js
- /Users/ishtarpissano/proyectos/atelier/node_modules/next/dist/server/require.js
- /Users/ishtarpissano/proyectos/atelier/node_modules/next/dist/server/load-components.js
- /Users/ishtarpissano/proyectos/atelier/node_modules/next/dist/build/utils.js
- /Users/ishtarpissano/proyectos/atelier/node_modules/next/dist/server/dev/static-paths-worker.js
- /Users/ishtarpissano/proyectos/atelier/node_modules/next/dist/compiled/jest-worker/processChild.js
    at __webpack_require__.f.require (.next/server/webpack-runtime.js:198:28) {
  type: 'Error',
  code: 'MODULE_NOT_FOUND',
  requireStack: [Array],
  page: '/producto/atelier-carey-vintage'
}
 ⚠ Fast Refresh had to perform a full reload due to a runtime error.
 ✓ Compiled /_error in 96ms (1865 modules)
 GET /producto/atelier-carey-vintage 500 in 539ms
 ✓ Compiled in 160ms (966 modules)
 ⚠ Fast Refresh had to perform a full reload due to a runtime error.
 ⚠ Fast Refresh had to perform a full reload due to a runtime error.
 ✓ Compiled /_not-found in 146ms (1869 modules)
 GET /producto/atelier-carey-vintage 404 in 194ms
 GET /producto/atelier-carey-vintage 404 in 11ms
 GET /producto/atelier-carey-vintage 404 in 9ms
 GET /_next/static/css/app/layout.css?v=1779144866630 404 in 5ms
 GET /_next/static/chunks/main-app.js?v=1779144866630 404 in 11ms
 GET /_next/static/chunks/app-pages-internals.js 404 in 6ms
 ✓ Compiled in 130ms (969 modules)
 GET /producto/atelier-carey-vintage 404 in 26ms
 GET /_next/static/css/app/layout.css?v=1779144899331 404 in 9ms
 GET /_next/static/chunks/app-pages-internals.js 404 in 8ms
 GET /_next/static/chunks/main-app.js?v=1779144899331 404 in 9ms
 ✓ Compiled in 134ms (969 modules)
[?25h
