Vercel CLI 54.14.0 (Node.js 22.22.3)

  Set up "~/proyectos/atelier/docs/seo_external_campaign/pbn/sites/moda-cordoba"
Loading teams…
Searching for existing projects…
  No framework detected. Default Project Settings:
  Build Command: `npm run vercel-build` or `npm run build`
  Development Command: None
  Install Command: `yarn install`, `pnpm install`, `npm install`, or `bun install`
  Output Directory: `public` if it exists, or `.`
  Linked      atelier-s-projects2/moda-cordoba
Deploying atelier-s-projects2/moda-cordoba
Uploading [--------------------] (0.0B/20.3KB)
Uploading [================----] (16.5KB/20.3KB)
Uploading [====================] (20.3KB/20.3KB)
  Inspect     https://vercel.com/atelier-s-projects2/moda-cordoba/jo6HA1k2X5btgGPPoeG9eHb42wns
▲ Production  https://moda-cordoba-eb5kkkczj-atelier-s-projects2.vercel.app
Building…
Building…
Running build in Washington, D.C., USA (East) – iad1
Build machine configuration: 2 cores, 8 GB
Retrieving list of deployment files...
Previous build caches not available.
[2K[1A[2K[G▲ Production  https://moda-cordoba-eb5kkkczj-atelier-s-projects2.vercel.app
Completing…
▲ Aliased     https://moda-cordoba.vercel.app
{
  "status": "ok",
  "deployment": {
    "id": "dpl_jo6HA1k2X5btgGPPoeG9eHb42wns",
    "url": "https://moda-cordoba-eb5kkkczj-atelier-s-projects2.vercel.app",
    "inspectorUrl": "https://vercel.com/atelier-s-projects2/moda-cordoba/jo6HA1k2X5btgGPPoeG9eHb42wns",
    "readyState": "READY",
    "target": "production",
    "deploymentApiUrl": "https://api.vercel.com/v13/deployments/dpl_jo6HA1k2X5btgGPPoeG9eHb42wns"
  },
  "message": "Deployment moda-cordoba-eb5kkkczj-atelier-s-projects2.vercel.app ready.",
  "next": [
    {
      "command": "vercel inspect moda-cordoba-eb5kkkczj-atelier-s-projects2.vercel.app",
      "when": "Inspect deployment"
    },
    {
      "command": "vercel deploy --prod",
      "when": "Promote to production"
    }
  ]
}
