Vercel CLI 54.14.0 (Node.js 22.22.3)

  Set up "~/proyectos/atelier/docs/seo_external_campaign/pbn/sites/guia-regalos"
Loading teams…
Searching for existing projects…
  No framework detected. Default Project Settings:
  Build Command: `npm run vercel-build` or `npm run build`
  Development Command: None
  Install Command: `yarn install`, `pnpm install`, `npm install`, or `bun install`
  Output Directory: `public` if it exists, or `.`
  Linked      atelier-s-projects2/guia-regalos
Deploying atelier-s-projects2/guia-regalos
Uploading [--------------------] (0.0B/532B)
Uploading [====================] (532.0B/532B)
  Inspect     https://vercel.com/atelier-s-projects2/guia-regalos/Be8My8sEcVv1K8FFjsvBhzuN6KZv
▲ Production  https://guia-regalos-gupcwn0x7-atelier-s-projects2.vercel.app
Building…
Building…
Running build in Washington, D.C., USA (East) – iad1
Build machine configuration: 2 cores, 8 GB
Retrieving list of deployment files...
Previous build caches not available.
Downloading 2 deployment files...
Running "vercel build"
Vercel CLI 54.12.2
Build Completed in /vercel/output [19ms]
Deploying outputs...
[2K[1A[2K[G▲ Production  https://guia-regalos-gupcwn0x7-atelier-s-projects2.vercel.app
Completing…
▲ Aliased     https://guia-regalos.vercel.app
{
  "status": "ok",
  "deployment": {
    "id": "dpl_Be8My8sEcVv1K8FFjsvBhzuN6KZv",
    "url": "https://guia-regalos-gupcwn0x7-atelier-s-projects2.vercel.app",
    "inspectorUrl": "https://vercel.com/atelier-s-projects2/guia-regalos/Be8My8sEcVv1K8FFjsvBhzuN6KZv",
    "readyState": "READY",
    "target": "production",
    "deploymentApiUrl": "https://api.vercel.com/v13/deployments/dpl_Be8My8sEcVv1K8FFjsvBhzuN6KZv"
  },
  "message": "Deployment guia-regalos-gupcwn0x7-atelier-s-projects2.vercel.app ready.",
  "next": [
    {
      "command": "vercel inspect guia-regalos-gupcwn0x7-atelier-s-projects2.vercel.app",
      "when": "Inspect deployment"
    },
    {
      "command": "vercel deploy --prod",
      "when": "Promote to production"
    }
  ]
}
