Vercel CLI 54.14.0 (Node.js 22.22.3)

  Set up "~/proyectos/atelier/docs/seo_external_campaign/pbn/sites/devs-cordoba"
Loading teams…
Searching for existing projects…
  No framework detected. Default Project Settings:
  Build Command: `npm run vercel-build` or `npm run build`
  Development Command: None
  Install Command: `yarn install`, `pnpm install`, `npm install`, or `bun install`
  Output Directory: `public` if it exists, or `.`
  Linked      atelier-s-projects2/devs-cordoba
Deploying atelier-s-projects2/devs-cordoba
Uploading [--------------------] (0.0B/532B)
Uploading [====================] (532.0B/532B)
  Inspect     https://vercel.com/atelier-s-projects2/devs-cordoba/XF5RuzPfyxiodypGdwmtHwPYLbdt
▲ Production  https://devs-cordoba-1zlfn9aa6-atelier-s-projects2.vercel.app
Building…
Building…
Running build in Washington, D.C., USA (East) – iad1
Build machine configuration: 2 cores, 8 GB
Retrieving list of deployment files...
Previous build caches not available.
Downloading 2 deployment files...
Running "vercel build"
Vercel CLI 54.12.2
Build Completed in /vercel/output [17ms]
Deploying outputs...
[2K[1A[2K[G▲ Production  https://devs-cordoba-1zlfn9aa6-atelier-s-projects2.vercel.app
Completing…
▲ Aliased     https://devs-cordoba.vercel.app
{
  "status": "ok",
  "deployment": {
    "id": "dpl_XF5RuzPfyxiodypGdwmtHwPYLbdt",
    "url": "https://devs-cordoba-1zlfn9aa6-atelier-s-projects2.vercel.app",
    "inspectorUrl": "https://vercel.com/atelier-s-projects2/devs-cordoba/XF5RuzPfyxiodypGdwmtHwPYLbdt",
    "readyState": "READY",
    "target": "production",
    "deploymentApiUrl": "https://api.vercel.com/v13/deployments/dpl_XF5RuzPfyxiodypGdwmtHwPYLbdt"
  },
  "message": "Deployment devs-cordoba-1zlfn9aa6-atelier-s-projects2.vercel.app ready.",
  "next": [
    {
      "command": "vercel inspect devs-cordoba-1zlfn9aa6-atelier-s-projects2.vercel.app",
      "when": "Inspect deployment"
    },
    {
      "command": "vercel deploy --prod",
      "when": "Promote to production"
    }
  ]
}
