ď»ż
> optical-crm@0.1.0 build
> npx prisma generate && next build

Environment variables loaded from .env
Prisma schema loaded from prisma\schema.prisma

Ă”ÂŁĂ¶ Generated Prisma Client (v5.22.0) to .\prisma\generated\client in 297ms

Start by importing your Prisma Client (See: https://pris.ly/d/importing-client)

Tip: Interested in query caching in just a few lines of code? Try Accelerate today! https://pris.ly/tip-3-accelerate

Ă”Ă»â–“ Next.js 16.1.6 (Turbopack)
- Environments: .env

  Creating an optimized production build ...
Ă”ÂŁĂ´ Compiled successfully in 15.5s
  Running TypeScript ...
  Collecting page data using 15 workers ...
  Generating static pages using 15 workers (0/51) ...
  Generating static pages using 15 workers (12/51) 
  Generating static pages using 15 workers (25/51) 
  Generating static pages using 15 workers (38/51) 
Ă”ÂŁĂ´ Generating static pages using 15 workers (51/51) in 571.0ms
  Finalizing page optimization ...

Route (app)
Ă”Ă¶Ă® ĂŁĂ† /
Ă”Ă¶ÂŁ ĂŁĂ† /_not-found
Ă”Ă¶ÂŁ ĂŁĂ† /administracion
Ă”Ă¶ÂŁ ĂŁĂ† /api/auth/login
Ă”Ă¶ÂŁ ĂŁĂ† /api/auth/logout
Ă”Ă¶ÂŁ ĂŁĂ† /api/auth/me
Ă”Ă¶ÂŁ ĂŁĂ† /api/backup
Ă”Ă¶ÂŁ ĂŁĂ† /api/billing/config
Ă”Ă¶ÂŁ ĂŁĂ† /api/billing/invoice
Ă”Ă¶ÂŁ ĂŁĂ† /api/billing/invoice/[id]
Ă”Ă¶ÂŁ ĂŁĂ† /api/cash
Ă”Ă¶ÂŁ ĂŁĂ† /api/cash/movement
Ă”Ă¶ÂŁ ĂŁĂ† /api/contacts
Ă”Ă¶ÂŁ ĂŁĂ† /api/contacts/[id]
Ă”Ă¶ÂŁ ĂŁĂ† /api/contacts/[id]/can-close
Ă”Ă¶ÂŁ ĂŁĂ† /api/contacts/[id]/favorite
Ă”Ă¶ÂŁ ĂŁĂ† /api/contacts/[id]/interactions
Ă”Ă¶ÂŁ ĂŁĂ† /api/contacts/[id]/payments
Ă”Ă¶ÂŁ ĂŁĂ† /api/contacts/[id]/prescriptions
Ă”Ă¶ÂŁ ĂŁĂ† /api/contacts/[id]/prescriptions/[presId]
Ă”Ă¶ÂŁ ĂŁĂ† /api/contacts/[id]/priority
Ă”Ă¶ÂŁ ĂŁĂ† /api/contacts/[id]/status
Ă”Ă¶ÂŁ ĂŁĂ† /api/contacts/[id]/tasks
Ă”Ă¶ÂŁ ĂŁĂ† /api/dashboard
Ă”Ă¶ÂŁ ĂŁĂ† /api/doctors
Ă”Ă¶ÂŁ ĂŁĂ† /api/doctors/commissions
Ă”Ă¶ÂŁ ĂŁĂ† /api/doctors/payments
Ă”Ă¶ÂŁ ĂŁĂ† /api/export
Ă”Ă¶ÂŁ ĂŁĂ† /api/invoices
Ă”Ă¶ÂŁ ĂŁĂ† /api/notifications
Ă”Ă¶ÂŁ ĂŁĂ† /api/notifications/[id]
Ă”Ă¶ÂŁ ĂŁĂ† /api/orders
Ă”Ă¶ÂŁ ĂŁĂ† /api/orders/[id]
Ă”Ă¶ÂŁ ĂŁĂ† /api/orders/[id]/refresh-prices
Ă”Ă¶ÂŁ ĂŁĂ† /api/payments
Ă”Ă¶ÂŁ ĂŁĂ† /api/products
Ă”Ă¶ÂŁ ĂŁĂ† /api/products/[id]
Ă”Ă¶ÂŁ ĂŁĂ† /api/products/bulk
Ă”Ă¶ÂŁ ĂŁĂ† /api/products/delete-all
Ă”Ă¶ÂŁ ĂŁĂ† /api/products/fix-categories
Ă”Ă¶ÂŁ ĂŁĂ† /api/products/import
Ă”Ă¶ÂŁ ĂŁĂ† /api/products/recalculate-stock
Ă”Ă¶ÂŁ ĂŁĂ† /api/reports
Ă”Ă¶ÂŁ ĂŁĂ† /api/search
Ă”Ă¶ÂŁ ĂŁĂ† /api/tasks/pending
Ă”Ă¶ÂŁ ĂŁĂ† /api/tmp-import-contacts
Ă”Ă¶ÂŁ ĂŁĂ† /api/upload
Ă”Ă¶ÂŁ ĂŁĂ† /api/users
Ă”Ă¶ÂŁ ĂŁĂ† /api/users/[id]
Ă”Ă¶ÂŁ ĂŁĂ† /api/whatsapp/agent
Ă”Ă¶ÂŁ ĂŁĂ† /api/whatsapp/agent/catalog
Ă”Ă¶ÂŁ ĂŁĂ† /api/whatsapp/chats
Ă”Ă¶ÂŁ ĂŁĂ† /api/whatsapp/chats/[id]/messages
Ă”Ă¶ÂŁ ĂŁĂ† /api/whatsapp/notify
Ă”Ă¶ÂŁ ĂŁĂ† /api/whatsapp/send
Ă”Ă¶ÂŁ ĂŁĂ† /api/whatsapp/status
Ă”Ă¶ÂŁ ĂŁĂ† /configuracion
Ă”Ă¶ÂŁ ĂŁĂ† /contactos
Ă”Ă¶ÂŁ ĂŁĂ† /cotizador
Ă”Ă¶ÂŁ ĂŁĂ† /facturacion
Ă”Ă¶ÂŁ ĂŁĂ† /inventario
Ă”Ă¶ÂŁ ĂŁĂ† /login
Ă”Ă¶ÂŁ ĂŁĂ† /pedidos
Ă”Ă¶ÂŁ ĂŁĂ† /reportes
Ă”Ă¶ÂŁ ĂŁĂ† /ventas
Ă”Ă¶Ă¶ ĂŁĂ† /whatsapp


ĂŁĂ† Proxy (Middleware)

ĂŁĂ†  (Dynamic)  server-rendered on demand

