Vercel CLI 54.14.0 (Node.js 22.22.3)

  Set up "~/proyectos/atelier/docs/seo_external_campaign/pbn/sites/innovacion-ia"
Loading teams…
Searching for existing projects…
  No framework detected. Default Project Settings:
  Build Command: `npm run vercel-build` or `npm run build`
  Development Command: None
  Install Command: `yarn install`, `pnpm install`, `npm install`, or `bun install`
  Output Directory: `public` if it exists, or `.`
  Linked      atelier-s-projects2/innovacion-ia
Deploying atelier-s-projects2/innovacion-ia
Uploading [--------------------] (0.0B/18.2KB)
Uploading [==================--] (16.5KB/18.2KB)
Uploading [====================] (18.2KB/18.2KB)
  Inspect     https://vercel.com/atelier-s-projects2/innovacion-ia/3UuaafUz7msBs5mbYfTxzkiJZck8
▲ Production  https://innovacion-pc9ewerha-atelier-s-projects2.vercel.app
Building…
Building…
Running build in Washington, D.C., USA (East) – iad1
Build machine configuration: 2 cores, 8 GB
Retrieving list of deployment files...
Previous build caches not available.
Downloading 2 deployment files...
Running "vercel build"
Vercel CLI 54.14.0
Build Completed in /vercel/output [19ms]
Deploying outputs...
[2K[1A[2K[G▲ Production  https://innovacion-pc9ewerha-atelier-s-projects2.vercel.app
Completing…
▲ Aliased     https://innovacion-ia.vercel.app
{
  "status": "ok",
  "deployment": {
    "id": "dpl_3UuaafUz7msBs5mbYfTxzkiJZck8",
    "url": "https://innovacion-pc9ewerha-atelier-s-projects2.vercel.app",
    "inspectorUrl": "https://vercel.com/atelier-s-projects2/innovacion-ia/3UuaafUz7msBs5mbYfTxzkiJZck8",
    "readyState": "READY",
    "target": "production",
    "deploymentApiUrl": "https://api.vercel.com/v13/deployments/dpl_3UuaafUz7msBs5mbYfTxzkiJZck8"
  },
  "message": "Deployment innovacion-pc9ewerha-atelier-s-projects2.vercel.app ready.",
  "next": [
    {
      "command": "vercel inspect innovacion-pc9ewerha-atelier-s-projects2.vercel.app",
      "when": "Inspect deployment"
    },
    {
      "command": "vercel deploy --prod",
      "when": "Promote to production"
    }
  ]
}
