Vercel CLI 54.14.0 (Node.js 22.22.3)

  Set up "~/proyectos/atelier/docs/seo_external_campaign/pbn/sites/noticias-norte"
Loading teams…
Searching for existing projects…
  No framework detected. Default Project Settings:
  Build Command: `npm run vercel-build` or `npm run build`
  Development Command: None
  Install Command: `yarn install`, `pnpm install`, `npm install`, or `bun install`
  Output Directory: `public` if it exists, or `.`
  Linked      atelier-s-projects2/noticias-norte
Deploying atelier-s-projects2/noticias-norte
Uploading [--------------------] (0.0B/23.6KB)
Uploading [=============-------] (16.0KB/23.6KB)
Uploading [===================-] (23.0KB/23.6KB)
Uploading [====================] (23.6KB/23.6KB)
  Inspect     https://vercel.com/atelier-s-projects2/noticias-norte/63y2WrscB4qN2tpxqi3KkqNZ4jbV
▲ Production  https://noticias-norte-as2kj64ic-atelier-s-projects2.vercel.app
Building…
Building…
Running build in Washington, D.C., USA (East) – iad1
Build machine configuration: 2 cores, 8 GB
Retrieving list of deployment files...
Previous build caches not available.
[2K[1A[2K[G▲ Production  https://noticias-norte-as2kj64ic-atelier-s-projects2.vercel.app
Completing…
▲ Aliased     https://noticias-norte.vercel.app
{
  "status": "ok",
  "deployment": {
    "id": "dpl_63y2WrscB4qN2tpxqi3KkqNZ4jbV",
    "url": "https://noticias-norte-as2kj64ic-atelier-s-projects2.vercel.app",
    "inspectorUrl": "https://vercel.com/atelier-s-projects2/noticias-norte/63y2WrscB4qN2tpxqi3KkqNZ4jbV",
    "readyState": "READY",
    "target": "production",
    "deploymentApiUrl": "https://api.vercel.com/v13/deployments/dpl_63y2WrscB4qN2tpxqi3KkqNZ4jbV"
  },
  "message": "Deployment noticias-norte-as2kj64ic-atelier-s-projects2.vercel.app ready.",
  "next": [
    {
      "command": "vercel inspect noticias-norte-as2kj64ic-atelier-s-projects2.vercel.app",
      "when": "Inspect deployment"
    },
    {
      "command": "vercel deploy --prod",
      "when": "Promote to production"
    }
  ]
}
